ERROR - 2025-11-18 00:59:13 --> mysqli_sql_exception: Unknown table 'simaja.detail_rewards' in /home/bennedistus/Documents/KULIAH/PEMROGRAMAN_WEB_2/webkuliah/vendor/codeigniter4/framework/system/Database/MySQLi/Connection.php:327
Stack trace:
#0 /home/bennedistus/Documents/KULIAH/PEMROGRAMAN_WEB_2/webkuliah/vendor/codeigniter4/framework/system/Database/MySQLi/Connection.php(327): mysqli->query()
#1 /home/bennedistus/Documents/KULIAH/PEMROGRAMAN_WEB_2/webkuliah/vendor/codeigniter4/framework/system/Database/BaseConnection.php(729): CodeIgniter\Database\MySQLi\Connection->execute()
#2 /home/bennedistus/Documents/KULIAH/PEMROGRAMAN_WEB_2/webkuliah/vendor/codeigniter4/framework/system/Database/BaseConnection.php(646): CodeIgniter\Database\BaseConnection->simpleQuery()
#3 /home/bennedistus/Documents/KULIAH/PEMROGRAMAN_WEB_2/webkuliah/vendor/codeigniter4/framework/system/Database/Forge.php(663): CodeIgniter\Database\BaseConnection->query()
#4 /home/bennedistus/Documents/KULIAH/PEMROGRAMAN_WEB_2/webkuliah/app/Database/Migrations/2025-11-18-005417_RewardsDetail.php(36): CodeIgniter\Database\Forge->dropTable()
#5 /home/bennedistus/Documents/KULIAH/PEMROGRAMAN_WEB_2/webkuliah/vendor/codeigniter4/framework/system/Database/MigrationRunner.php(876): App\Database\Migrations\RewardsDetail->down()
#6 /home/bennedistus/Documents/KULIAH/PEMROGRAMAN_WEB_2/webkuliah/vendor/codeigniter4/framework/system/Database/MigrationRunner.php(289): CodeIgniter\Database\MigrationRunner->migrate()
#7 /home/bennedistus/Documents/KULIAH/PEMROGRAMAN_WEB_2/webkuliah/vendor/codeigniter4/framework/system/Commands/Database/MigrateRollback.php(101): CodeIgniter\Database\MigrationRunner->regress()
#8 /home/bennedistus/Documents/KULIAH/PEMROGRAMAN_WEB_2/webkuliah/vendor/codeigniter4/framework/system/CLI/Commands.php(74): CodeIgniter\Commands\Database\MigrateRollback->run()
#9 /home/bennedistus/Documents/KULIAH/PEMROGRAMAN_WEB_2/webkuliah/vendor/codeigniter4/framework/system/CLI/Console.php(47): CodeIgniter\CLI\Commands->run()
#10 /home/bennedistus/Documents/KULIAH/PEMROGRAMAN_WEB_2/webkuliah/vendor/codeigniter4/framework/system/Boot.php(388): CodeIgniter\CLI\Console->run()
#11 /home/bennedistus/Documents/KULIAH/PEMROGRAMAN_WEB_2/webkuliah/vendor/codeigniter4/framework/system/Boot.php(133): CodeIgniter\Boot::runCommand()
#12 /home/bennedistus/Documents/KULIAH/PEMROGRAMAN_WEB_2/webkuliah/spark(87): CodeIgniter\Boot::bootSpark()
#13 {main}
CRITICAL - 2025-11-18 01:06:29 --> ParseError: syntax error, unexpected token "."
[Method: GET, Route: rewards]
in APPPATH/Controllers/Home.php on line 29.
 1 VENDORPATH/composer/ClassLoader.php(427): Composer\Autoload\{closure}()
 2 [internal function]: Composer\Autoload\ClassLoader->loadClass()
 3 SYSTEMPATH/CodeIgniter.php(885): class_exists()
 4 SYSTEMPATH/CodeIgniter.php(494): CodeIgniter\CodeIgniter->startController()
 5 SYSTEMPATH/CodeIgniter.php(354): CodeIgniter\CodeIgniter->handleRequest()
 6 SYSTEMPATH/Boot.php(363): CodeIgniter\CodeIgniter->run()
 7 SYSTEMPATH/Boot.php(68): CodeIgniter\Boot::runCodeIgniter()
 8 FCPATH/index.php(59): CodeIgniter\Boot::bootWeb()
 9 SYSTEMPATH/rewrite.php(44): require_once('/home/bennedistus/Documents/KULIAH/PEMROGRAMAN_WEB_2/webkuliah/public/index.php')
CRITICAL - 2025-11-18 01:06:30 --> ParseError: syntax error, unexpected token "."
[Method: GET, Route: absen]
in APPPATH/Controllers/Home.php on line 29.
 1 VENDORPATH/composer/ClassLoader.php(427): Composer\Autoload\{closure}()
 2 [internal function]: Composer\Autoload\ClassLoader->loadClass()
 3 SYSTEMPATH/CodeIgniter.php(885): class_exists()
 4 SYSTEMPATH/CodeIgniter.php(494): CodeIgniter\CodeIgniter->startController()
 5 SYSTEMPATH/CodeIgniter.php(354): CodeIgniter\CodeIgniter->handleRequest()
 6 SYSTEMPATH/Boot.php(363): CodeIgniter\CodeIgniter->run()
 7 SYSTEMPATH/Boot.php(68): CodeIgniter\Boot::runCodeIgniter()
 8 FCPATH/index.php(59): CodeIgniter\Boot::bootWeb()
 9 SYSTEMPATH/rewrite.php(44): require_once('/home/bennedistus/Documents/KULIAH/PEMROGRAMAN_WEB_2/webkuliah/public/index.php')
CRITICAL - 2025-11-18 01:07:11 --> ParseError: syntax error, unexpected token "."
[Method: GET, Route: /]
in APPPATH/Controllers/Home.php on line 29.
 1 VENDORPATH/composer/ClassLoader.php(427): Composer\Autoload\{closure}()
 2 [internal function]: Composer\Autoload\ClassLoader->loadClass()
 3 SYSTEMPATH/CodeIgniter.php(885): class_exists()
 4 SYSTEMPATH/CodeIgniter.php(494): CodeIgniter\CodeIgniter->startController()
 5 SYSTEMPATH/CodeIgniter.php(354): CodeIgniter\CodeIgniter->handleRequest()
 6 SYSTEMPATH/Boot.php(363): CodeIgniter\CodeIgniter->run()
 7 SYSTEMPATH/Boot.php(68): CodeIgniter\Boot::runCodeIgniter()
 8 FCPATH/index.php(59): CodeIgniter\Boot::bootWeb()
 9 SYSTEMPATH/rewrite.php(44): require_once('/home/bennedistus/Documents/KULIAH/PEMROGRAMAN_WEB_2/webkuliah/public/index.php')
CRITICAL - 2025-11-18 01:07:15 --> ParseError: syntax error, unexpected token "."
[Method: GET, Route: /]
in APPPATH/Controllers/Home.php on line 29.
 1 VENDORPATH/composer/ClassLoader.php(427): Composer\Autoload\{closure}()
 2 [internal function]: Composer\Autoload\ClassLoader->loadClass()
 3 SYSTEMPATH/CodeIgniter.php(885): class_exists()
 4 SYSTEMPATH/CodeIgniter.php(494): CodeIgniter\CodeIgniter->startController()
 5 SYSTEMPATH/CodeIgniter.php(354): CodeIgniter\CodeIgniter->handleRequest()
 6 SYSTEMPATH/Boot.php(363): CodeIgniter\CodeIgniter->run()
 7 SYSTEMPATH/Boot.php(68): CodeIgniter\Boot::runCodeIgniter()
 8 FCPATH/index.php(59): CodeIgniter\Boot::bootWeb()
 9 SYSTEMPATH/rewrite.php(44): require_once('/home/bennedistus/Documents/KULIAH/PEMROGRAMAN_WEB_2/webkuliah/public/index.php')
CRITICAL - 2025-11-18 01:09:32 --> ErrorException: Undefined variable $user
[Method: GET, Route: rewards]
in APPPATH/Views/templates/header.php on line 398.
 1 APPPATH/Views/templates/header.php(398): CodeIgniter\Debug\Exceptions->errorHandler()
 2 SYSTEMPATH/View/View.php(226): include('/home/bennedistus/Documents/KULIAH/PEMROGRAMAN_WEB_2/webkuliah/app/Views/templates/header.php')
 3 SYSTEMPATH/View/View.php(229): CodeIgniter\View\View->CodeIgniter\View\{closure}()
 4 SYSTEMPATH/View/View.php(475): CodeIgniter\View\View->render()
 5 APPPATH/Views/rewards.php(1): CodeIgniter\View\View->include()
 6 SYSTEMPATH/View/View.php(226): include('/home/bennedistus/Documents/KULIAH/PEMROGRAMAN_WEB_2/webkuliah/app/Views/rewards.php')
 7 SYSTEMPATH/View/View.php(229): CodeIgniter\View\View->CodeIgniter\View\{closure}()
 8 SYSTEMPATH/Common.php(1167): CodeIgniter\View\View->render()
 9 APPPATH/Controllers/Home.php(35): view()
10 SYSTEMPATH/CodeIgniter.php(933): App\Controllers\Home->rewards()
11 SYSTEMPATH/CodeIgniter.php(507): CodeIgniter\CodeIgniter->runController()
12 SYSTEMPATH/CodeIgniter.php(354): CodeIgniter\CodeIgniter->handleRequest()
13 SYSTEMPATH/Boot.php(363): CodeIgniter\CodeIgniter->run()
14 SYSTEMPATH/Boot.php(68): CodeIgniter\Boot::runCodeIgniter()
15 FCPATH/index.php(59): CodeIgniter\Boot::bootWeb()
16 SYSTEMPATH/rewrite.php(44): require_once('/home/bennedistus/Documents/KULIAH/PEMROGRAMAN_WEB_2/webkuliah/public/index.php')
CRITICAL - 2025-11-18 01:10:22 --> ErrorException: Undefined variable $user
[Method: GET, Route: rewards]
in APPPATH/Views/templates/header.php on line 398.
 1 APPPATH/Views/templates/header.php(398): CodeIgniter\Debug\Exceptions->errorHandler()
 2 SYSTEMPATH/View/View.php(226): include('/home/bennedistus/Documents/KULIAH/PEMROGRAMAN_WEB_2/webkuliah/app/Views/templates/header.php')
 3 SYSTEMPATH/View/View.php(229): CodeIgniter\View\View->CodeIgniter\View\{closure}()
 4 SYSTEMPATH/View/View.php(475): CodeIgniter\View\View->render()
 5 APPPATH/Views/rewards.php(1): CodeIgniter\View\View->include()
 6 SYSTEMPATH/View/View.php(226): include('/home/bennedistus/Documents/KULIAH/PEMROGRAMAN_WEB_2/webkuliah/app/Views/rewards.php')
 7 SYSTEMPATH/View/View.php(229): CodeIgniter\View\View->CodeIgniter\View\{closure}()
 8 SYSTEMPATH/Common.php(1167): CodeIgniter\View\View->render()
 9 APPPATH/Controllers/Home.php(35): view()
10 SYSTEMPATH/CodeIgniter.php(933): App\Controllers\Home->rewards()
11 SYSTEMPATH/CodeIgniter.php(507): CodeIgniter\CodeIgniter->runController()
12 SYSTEMPATH/CodeIgniter.php(354): CodeIgniter\CodeIgniter->handleRequest()
13 SYSTEMPATH/Boot.php(363): CodeIgniter\CodeIgniter->run()
14 SYSTEMPATH/Boot.php(68): CodeIgniter\Boot::runCodeIgniter()
15 FCPATH/index.php(59): CodeIgniter\Boot::bootWeb()
16 SYSTEMPATH/rewrite.php(44): require_once('/home/bennedistus/Documents/KULIAH/PEMROGRAMAN_WEB_2/webkuliah/public/index.php')
CRITICAL - 2025-11-18 01:10:22 --> ErrorException: Undefined variable $user
[Method: GET, Route: rewards]
in APPPATH/Views/templates/header.php on line 398.
 1 APPPATH/Views/templates/header.php(398): CodeIgniter\Debug\Exceptions->errorHandler()
 2 SYSTEMPATH/View/View.php(226): include('/home/bennedistus/Documents/KULIAH/PEMROGRAMAN_WEB_2/webkuliah/app/Views/templates/header.php')
 3 SYSTEMPATH/View/View.php(229): CodeIgniter\View\View->CodeIgniter\View\{closure}()
 4 SYSTEMPATH/View/View.php(475): CodeIgniter\View\View->render()
 5 APPPATH/Views/rewards.php(1): CodeIgniter\View\View->include()
 6 SYSTEMPATH/View/View.php(226): include('/home/bennedistus/Documents/KULIAH/PEMROGRAMAN_WEB_2/webkuliah/app/Views/rewards.php')
 7 SYSTEMPATH/View/View.php(229): CodeIgniter\View\View->CodeIgniter\View\{closure}()
 8 SYSTEMPATH/Common.php(1167): CodeIgniter\View\View->render()
 9 APPPATH/Controllers/Home.php(35): view()
10 SYSTEMPATH/CodeIgniter.php(933): App\Controllers\Home->rewards()
11 SYSTEMPATH/CodeIgniter.php(507): CodeIgniter\CodeIgniter->runController()
12 SYSTEMPATH/CodeIgniter.php(354): CodeIgniter\CodeIgniter->handleRequest()
13 SYSTEMPATH/Boot.php(363): CodeIgniter\CodeIgniter->run()
14 SYSTEMPATH/Boot.php(68): CodeIgniter\Boot::runCodeIgniter()
15 FCPATH/index.php(59): CodeIgniter\Boot::bootWeb()
16 SYSTEMPATH/rewrite.php(44): require_once('/home/bennedistus/Documents/KULIAH/PEMROGRAMAN_WEB_2/webkuliah/public/index.php')
CRITICAL - 2025-11-18 01:10:23 --> ErrorException: Undefined variable $user
[Method: GET, Route: rewards]
in APPPATH/Views/templates/header.php on line 398.
 1 APPPATH/Views/templates/header.php(398): CodeIgniter\Debug\Exceptions->errorHandler()
 2 SYSTEMPATH/View/View.php(226): include('/home/bennedistus/Documents/KULIAH/PEMROGRAMAN_WEB_2/webkuliah/app/Views/templates/header.php')
 3 SYSTEMPATH/View/View.php(229): CodeIgniter\View\View->CodeIgniter\View\{closure}()
 4 SYSTEMPATH/View/View.php(475): CodeIgniter\View\View->render()
 5 APPPATH/Views/rewards.php(1): CodeIgniter\View\View->include()
 6 SYSTEMPATH/View/View.php(226): include('/home/bennedistus/Documents/KULIAH/PEMROGRAMAN_WEB_2/webkuliah/app/Views/rewards.php')
 7 SYSTEMPATH/View/View.php(229): CodeIgniter\View\View->CodeIgniter\View\{closure}()
 8 SYSTEMPATH/Common.php(1167): CodeIgniter\View\View->render()
 9 APPPATH/Controllers/Home.php(35): view()
10 SYSTEMPATH/CodeIgniter.php(933): App\Controllers\Home->rewards()
11 SYSTEMPATH/CodeIgniter.php(507): CodeIgniter\CodeIgniter->runController()
12 SYSTEMPATH/CodeIgniter.php(354): CodeIgniter\CodeIgniter->handleRequest()
13 SYSTEMPATH/Boot.php(363): CodeIgniter\CodeIgniter->run()
14 SYSTEMPATH/Boot.php(68): CodeIgniter\Boot::runCodeIgniter()
15 FCPATH/index.php(59): CodeIgniter\Boot::bootWeb()
16 SYSTEMPATH/rewrite.php(44): require_once('/home/bennedistus/Documents/KULIAH/PEMROGRAMAN_WEB_2/webkuliah/public/index.php')
CRITICAL - 2025-11-18 01:10:23 --> ErrorException: Undefined variable $user
[Method: GET, Route: rewards]
in APPPATH/Views/templates/header.php on line 398.
 1 APPPATH/Views/templates/header.php(398): CodeIgniter\Debug\Exceptions->errorHandler()
 2 SYSTEMPATH/View/View.php(226): include('/home/bennedistus/Documents/KULIAH/PEMROGRAMAN_WEB_2/webkuliah/app/Views/templates/header.php')
 3 SYSTEMPATH/View/View.php(229): CodeIgniter\View\View->CodeIgniter\View\{closure}()
 4 SYSTEMPATH/View/View.php(475): CodeIgniter\View\View->render()
 5 APPPATH/Views/rewards.php(1): CodeIgniter\View\View->include()
 6 SYSTEMPATH/View/View.php(226): include('/home/bennedistus/Documents/KULIAH/PEMROGRAMAN_WEB_2/webkuliah/app/Views/rewards.php')
 7 SYSTEMPATH/View/View.php(229): CodeIgniter\View\View->CodeIgniter\View\{closure}()
 8 SYSTEMPATH/Common.php(1167): CodeIgniter\View\View->render()
 9 APPPATH/Controllers/Home.php(35): view()
10 SYSTEMPATH/CodeIgniter.php(933): App\Controllers\Home->rewards()
11 SYSTEMPATH/CodeIgniter.php(507): CodeIgniter\CodeIgniter->runController()
12 SYSTEMPATH/CodeIgniter.php(354): CodeIgniter\CodeIgniter->handleRequest()
13 SYSTEMPATH/Boot.php(363): CodeIgniter\CodeIgniter->run()
14 SYSTEMPATH/Boot.php(68): CodeIgniter\Boot::runCodeIgniter()
15 FCPATH/index.php(59): CodeIgniter\Boot::bootWeb()
16 SYSTEMPATH/rewrite.php(44): require_once('/home/bennedistus/Documents/KULIAH/PEMROGRAMAN_WEB_2/webkuliah/public/index.php')
CRITICAL - 2025-11-18 01:12:07 --> ErrorException: Undefined variable $user
[Method: GET, Route: rewards]
in APPPATH/Views/templates/header.php on line 398.
 1 APPPATH/Views/templates/header.php(398): CodeIgniter\Debug\Exceptions->errorHandler()
 2 SYSTEMPATH/View/View.php(226): include('/home/bennedistus/Documents/KULIAH/PEMROGRAMAN_WEB_2/webkuliah/app/Views/templates/header.php')
 3 SYSTEMPATH/View/View.php(229): CodeIgniter\View\View->CodeIgniter\View\{closure}()
 4 SYSTEMPATH/View/View.php(475): CodeIgniter\View\View->render()
 5 APPPATH/Views/rewards.php(1): CodeIgniter\View\View->include()
 6 SYSTEMPATH/View/View.php(226): include('/home/bennedistus/Documents/KULIAH/PEMROGRAMAN_WEB_2/webkuliah/app/Views/rewards.php')
 7 SYSTEMPATH/View/View.php(229): CodeIgniter\View\View->CodeIgniter\View\{closure}()
 8 SYSTEMPATH/Common.php(1167): CodeIgniter\View\View->render()
 9 APPPATH/Controllers/Home.php(35): view()
10 SYSTEMPATH/CodeIgniter.php(933): App\Controllers\Home->rewards()
11 SYSTEMPATH/CodeIgniter.php(507): CodeIgniter\CodeIgniter->runController()
12 SYSTEMPATH/CodeIgniter.php(354): CodeIgniter\CodeIgniter->handleRequest()
13 SYSTEMPATH/Boot.php(363): CodeIgniter\CodeIgniter->run()
14 SYSTEMPATH/Boot.php(68): CodeIgniter\Boot::runCodeIgniter()
15 FCPATH/index.php(59): CodeIgniter\Boot::bootWeb()
16 SYSTEMPATH/rewrite.php(44): require_once('/home/bennedistus/Documents/KULIAH/PEMROGRAMAN_WEB_2/webkuliah/public/index.php')
CRITICAL - 2025-11-18 01:13:55 --> ErrorException: Undefined variable $user
[Method: GET, Route: rewards]
in APPPATH/Views/templates/header.php on line 398.
 1 APPPATH/Views/templates/header.php(398): CodeIgniter\Debug\Exceptions->errorHandler()
 2 SYSTEMPATH/View/View.php(226): include('/home/bennedistus/Documents/KULIAH/PEMROGRAMAN_WEB_2/webkuliah/app/Views/templates/header.php')
 3 SYSTEMPATH/View/View.php(229): CodeIgniter\View\View->CodeIgniter\View\{closure}()
 4 SYSTEMPATH/View/View.php(475): CodeIgniter\View\View->render()
 5 APPPATH/Views/rewards.php(1): CodeIgniter\View\View->include()
 6 SYSTEMPATH/View/View.php(226): include('/home/bennedistus/Documents/KULIAH/PEMROGRAMAN_WEB_2/webkuliah/app/Views/rewards.php')
 7 SYSTEMPATH/View/View.php(229): CodeIgniter\View\View->CodeIgniter\View\{closure}()
 8 SYSTEMPATH/Common.php(1167): CodeIgniter\View\View->render()
 9 APPPATH/Controllers/Home.php(35): view()
10 SYSTEMPATH/CodeIgniter.php(933): App\Controllers\Home->rewards()
11 SYSTEMPATH/CodeIgniter.php(507): CodeIgniter\CodeIgniter->runController()
12 SYSTEMPATH/CodeIgniter.php(354): CodeIgniter\CodeIgniter->handleRequest()
13 SYSTEMPATH/Boot.php(363): CodeIgniter\CodeIgniter->run()
14 SYSTEMPATH/Boot.php(68): CodeIgniter\Boot::runCodeIgniter()
15 FCPATH/index.php(59): CodeIgniter\Boot::bootWeb()
16 SYSTEMPATH/rewrite.php(44): require_once('/home/bennedistus/Documents/KULIAH/PEMROGRAMAN_WEB_2/webkuliah/public/index.php')
CRITICAL - 2025-11-18 01:13:56 --> ErrorException: Undefined variable $user
[Method: GET, Route: rewards]
in APPPATH/Views/templates/header.php on line 398.
 1 APPPATH/Views/templates/header.php(398): CodeIgniter\Debug\Exceptions->errorHandler()
 2 SYSTEMPATH/View/View.php(226): include('/home/bennedistus/Documents/KULIAH/PEMROGRAMAN_WEB_2/webkuliah/app/Views/templates/header.php')
 3 SYSTEMPATH/View/View.php(229): CodeIgniter\View\View->CodeIgniter\View\{closure}()
 4 SYSTEMPATH/View/View.php(475): CodeIgniter\View\View->render()
 5 APPPATH/Views/rewards.php(1): CodeIgniter\View\View->include()
 6 SYSTEMPATH/View/View.php(226): include('/home/bennedistus/Documents/KULIAH/PEMROGRAMAN_WEB_2/webkuliah/app/Views/rewards.php')
 7 SYSTEMPATH/View/View.php(229): CodeIgniter\View\View->CodeIgniter\View\{closure}()
 8 SYSTEMPATH/Common.php(1167): CodeIgniter\View\View->render()
 9 APPPATH/Controllers/Home.php(35): view()
10 SYSTEMPATH/CodeIgniter.php(933): App\Controllers\Home->rewards()
11 SYSTEMPATH/CodeIgniter.php(507): CodeIgniter\CodeIgniter->runController()
12 SYSTEMPATH/CodeIgniter.php(354): CodeIgniter\CodeIgniter->handleRequest()
13 SYSTEMPATH/Boot.php(363): CodeIgniter\CodeIgniter->run()
14 SYSTEMPATH/Boot.php(68): CodeIgniter\Boot::runCodeIgniter()
15 FCPATH/index.php(59): CodeIgniter\Boot::bootWeb()
16 SYSTEMPATH/rewrite.php(44): require_once('/home/bennedistus/Documents/KULIAH/PEMROGRAMAN_WEB_2/webkuliah/public/index.php')
CRITICAL - 2025-11-18 01:13:56 --> ErrorException: Undefined variable $user
[Method: GET, Route: rewards]
in APPPATH/Views/templates/header.php on line 398.
 1 APPPATH/Views/templates/header.php(398): CodeIgniter\Debug\Exceptions->errorHandler()
 2 SYSTEMPATH/View/View.php(226): include('/home/bennedistus/Documents/KULIAH/PEMROGRAMAN_WEB_2/webkuliah/app/Views/templates/header.php')
 3 SYSTEMPATH/View/View.php(229): CodeIgniter\View\View->CodeIgniter\View\{closure}()
 4 SYSTEMPATH/View/View.php(475): CodeIgniter\View\View->render()
 5 APPPATH/Views/rewards.php(1): CodeIgniter\View\View->include()
 6 SYSTEMPATH/View/View.php(226): include('/home/bennedistus/Documents/KULIAH/PEMROGRAMAN_WEB_2/webkuliah/app/Views/rewards.php')
 7 SYSTEMPATH/View/View.php(229): CodeIgniter\View\View->CodeIgniter\View\{closure}()
 8 SYSTEMPATH/Common.php(1167): CodeIgniter\View\View->render()
 9 APPPATH/Controllers/Home.php(35): view()
10 SYSTEMPATH/CodeIgniter.php(933): App\Controllers\Home->rewards()
11 SYSTEMPATH/CodeIgniter.php(507): CodeIgniter\CodeIgniter->runController()
12 SYSTEMPATH/CodeIgniter.php(354): CodeIgniter\CodeIgniter->handleRequest()
13 SYSTEMPATH/Boot.php(363): CodeIgniter\CodeIgniter->run()
14 SYSTEMPATH/Boot.php(68): CodeIgniter\Boot::runCodeIgniter()
15 FCPATH/index.php(59): CodeIgniter\Boot::bootWeb()
16 SYSTEMPATH/rewrite.php(44): require_once('/home/bennedistus/Documents/KULIAH/PEMROGRAMAN_WEB_2/webkuliah/public/index.php')
CRITICAL - 2025-11-18 01:14:02 --> ErrorException: Undefined variable $user
[Method: GET, Route: absen]
in APPPATH/Views/templates/header.php on line 398.
 1 APPPATH/Views/templates/header.php(398): CodeIgniter\Debug\Exceptions->errorHandler()
 2 SYSTEMPATH/View/View.php(226): include('/home/bennedistus/Documents/KULIAH/PEMROGRAMAN_WEB_2/webkuliah/app/Views/templates/header.php')
 3 SYSTEMPATH/View/View.php(229): CodeIgniter\View\View->CodeIgniter\View\{closure}()
 4 SYSTEMPATH/View/View.php(475): CodeIgniter\View\View->render()
 5 APPPATH/Views/absensi.php(1): CodeIgniter\View\View->include()
 6 SYSTEMPATH/View/View.php(226): include('/home/bennedistus/Documents/KULIAH/PEMROGRAMAN_WEB_2/webkuliah/app/Views/absensi.php')
 7 SYSTEMPATH/View/View.php(229): CodeIgniter\View\View->CodeIgniter\View\{closure}()
 8 SYSTEMPATH/Common.php(1167): CodeIgniter\View\View->render()
 9 APPPATH/Controllers/Home.php(44): view()
10 SYSTEMPATH/CodeIgniter.php(933): App\Controllers\Home->absen()
11 SYSTEMPATH/CodeIgniter.php(507): CodeIgniter\CodeIgniter->runController()
12 SYSTEMPATH/CodeIgniter.php(354): CodeIgniter\CodeIgniter->handleRequest()
13 SYSTEMPATH/Boot.php(363): CodeIgniter\CodeIgniter->run()
14 SYSTEMPATH/Boot.php(68): CodeIgniter\Boot::runCodeIgniter()
15 FCPATH/index.php(59): CodeIgniter\Boot::bootWeb()
16 SYSTEMPATH/rewrite.php(44): require_once('/home/bennedistus/Documents/KULIAH/PEMROGRAMAN_WEB_2/webkuliah/public/index.php')
CRITICAL - 2025-11-18 01:15:44 --> ErrorException: Undefined variable $user
[Method: GET, Route: absen]
in APPPATH/Views/templates/header.php on line 398.
 1 APPPATH/Views/templates/header.php(398): CodeIgniter\Debug\Exceptions->errorHandler()
 2 SYSTEMPATH/View/View.php(226): include('/home/bennedistus/Documents/KULIAH/PEMROGRAMAN_WEB_2/webkuliah/app/Views/templates/header.php')
 3 SYSTEMPATH/View/View.php(229): CodeIgniter\View\View->CodeIgniter\View\{closure}()
 4 SYSTEMPATH/View/View.php(475): CodeIgniter\View\View->render()
 5 APPPATH/Views/absensi.php(1): CodeIgniter\View\View->include()
 6 SYSTEMPATH/View/View.php(226): include('/home/bennedistus/Documents/KULIAH/PEMROGRAMAN_WEB_2/webkuliah/app/Views/absensi.php')
 7 SYSTEMPATH/View/View.php(229): CodeIgniter\View\View->CodeIgniter\View\{closure}()
 8 SYSTEMPATH/Common.php(1167): CodeIgniter\View\View->render()
 9 APPPATH/Controllers/Home.php(45): view()
10 SYSTEMPATH/CodeIgniter.php(933): App\Controllers\Home->absen()
11 SYSTEMPATH/CodeIgniter.php(507): CodeIgniter\CodeIgniter->runController()
12 SYSTEMPATH/CodeIgniter.php(354): CodeIgniter\CodeIgniter->handleRequest()
13 SYSTEMPATH/Boot.php(363): CodeIgniter\CodeIgniter->run()
14 SYSTEMPATH/Boot.php(68): CodeIgniter\Boot::runCodeIgniter()
15 FCPATH/index.php(59): CodeIgniter\Boot::bootWeb()
16 SYSTEMPATH/rewrite.php(44): require_once('/home/bennedistus/Documents/KULIAH/PEMROGRAMAN_WEB_2/webkuliah/public/index.php')
CRITICAL - 2025-11-18 01:15:45 --> ErrorException: Undefined variable $user
[Method: GET, Route: absen]
in APPPATH/Views/templates/header.php on line 398.
 1 APPPATH/Views/templates/header.php(398): CodeIgniter\Debug\Exceptions->errorHandler()
 2 SYSTEMPATH/View/View.php(226): include('/home/bennedistus/Documents/KULIAH/PEMROGRAMAN_WEB_2/webkuliah/app/Views/templates/header.php')
 3 SYSTEMPATH/View/View.php(229): CodeIgniter\View\View->CodeIgniter\View\{closure}()
 4 SYSTEMPATH/View/View.php(475): CodeIgniter\View\View->render()
 5 APPPATH/Views/absensi.php(1): CodeIgniter\View\View->include()
 6 SYSTEMPATH/View/View.php(226): include('/home/bennedistus/Documents/KULIAH/PEMROGRAMAN_WEB_2/webkuliah/app/Views/absensi.php')
 7 SYSTEMPATH/View/View.php(229): CodeIgniter\View\View->CodeIgniter\View\{closure}()
 8 SYSTEMPATH/Common.php(1167): CodeIgniter\View\View->render()
 9 APPPATH/Controllers/Home.php(45): view()
10 SYSTEMPATH/CodeIgniter.php(933): App\Controllers\Home->absen()
11 SYSTEMPATH/CodeIgniter.php(507): CodeIgniter\CodeIgniter->runController()
12 SYSTEMPATH/CodeIgniter.php(354): CodeIgniter\CodeIgniter->handleRequest()
13 SYSTEMPATH/Boot.php(363): CodeIgniter\CodeIgniter->run()
14 SYSTEMPATH/Boot.php(68): CodeIgniter\Boot::runCodeIgniter()
15 FCPATH/index.php(59): CodeIgniter\Boot::bootWeb()
16 SYSTEMPATH/rewrite.php(44): require_once('/home/bennedistus/Documents/KULIAH/PEMROGRAMAN_WEB_2/webkuliah/public/index.php')
CRITICAL - 2025-11-18 01:15:45 --> ErrorException: Undefined variable $user
[Method: GET, Route: absen]
in APPPATH/Views/templates/header.php on line 398.
 1 APPPATH/Views/templates/header.php(398): CodeIgniter\Debug\Exceptions->errorHandler()
 2 SYSTEMPATH/View/View.php(226): include('/home/bennedistus/Documents/KULIAH/PEMROGRAMAN_WEB_2/webkuliah/app/Views/templates/header.php')
 3 SYSTEMPATH/View/View.php(229): CodeIgniter\View\View->CodeIgniter\View\{closure}()
 4 SYSTEMPATH/View/View.php(475): CodeIgniter\View\View->render()
 5 APPPATH/Views/absensi.php(1): CodeIgniter\View\View->include()
 6 SYSTEMPATH/View/View.php(226): include('/home/bennedistus/Documents/KULIAH/PEMROGRAMAN_WEB_2/webkuliah/app/Views/absensi.php')
 7 SYSTEMPATH/View/View.php(229): CodeIgniter\View\View->CodeIgniter\View\{closure}()
 8 SYSTEMPATH/Common.php(1167): CodeIgniter\View\View->render()
 9 APPPATH/Controllers/Home.php(45): view()
10 SYSTEMPATH/CodeIgniter.php(933): App\Controllers\Home->absen()
11 SYSTEMPATH/CodeIgniter.php(507): CodeIgniter\CodeIgniter->runController()
12 SYSTEMPATH/CodeIgniter.php(354): CodeIgniter\CodeIgniter->handleRequest()
13 SYSTEMPATH/Boot.php(363): CodeIgniter\CodeIgniter->run()
14 SYSTEMPATH/Boot.php(68): CodeIgniter\Boot::runCodeIgniter()
15 FCPATH/index.php(59): CodeIgniter\Boot::bootWeb()
16 SYSTEMPATH/rewrite.php(44): require_once('/home/bennedistus/Documents/KULIAH/PEMROGRAMAN_WEB_2/webkuliah/public/index.php')
CRITICAL - 2025-11-18 01:15:45 --> ErrorException: Undefined variable $user
[Method: GET, Route: absen]
in APPPATH/Views/templates/header.php on line 398.
 1 APPPATH/Views/templates/header.php(398): CodeIgniter\Debug\Exceptions->errorHandler()
 2 SYSTEMPATH/View/View.php(226): include('/home/bennedistus/Documents/KULIAH/PEMROGRAMAN_WEB_2/webkuliah/app/Views/templates/header.php')
 3 SYSTEMPATH/View/View.php(229): CodeIgniter\View\View->CodeIgniter\View\{closure}()
 4 SYSTEMPATH/View/View.php(475): CodeIgniter\View\View->render()
 5 APPPATH/Views/absensi.php(1): CodeIgniter\View\View->include()
 6 SYSTEMPATH/View/View.php(226): include('/home/bennedistus/Documents/KULIAH/PEMROGRAMAN_WEB_2/webkuliah/app/Views/absensi.php')
 7 SYSTEMPATH/View/View.php(229): CodeIgniter\View\View->CodeIgniter\View\{closure}()
 8 SYSTEMPATH/Common.php(1167): CodeIgniter\View\View->render()
 9 APPPATH/Controllers/Home.php(45): view()
10 SYSTEMPATH/CodeIgniter.php(933): App\Controllers\Home->absen()
11 SYSTEMPATH/CodeIgniter.php(507): CodeIgniter\CodeIgniter->runController()
12 SYSTEMPATH/CodeIgniter.php(354): CodeIgniter\CodeIgniter->handleRequest()
13 SYSTEMPATH/Boot.php(363): CodeIgniter\CodeIgniter->run()
14 SYSTEMPATH/Boot.php(68): CodeIgniter\Boot::runCodeIgniter()
15 FCPATH/index.php(59): CodeIgniter\Boot::bootWeb()
16 SYSTEMPATH/rewrite.php(44): require_once('/home/bennedistus/Documents/KULIAH/PEMROGRAMAN_WEB_2/webkuliah/public/index.php')
CRITICAL - 2025-11-18 01:15:46 --> ErrorException: Undefined variable $user
[Method: GET, Route: absen]
in APPPATH/Views/templates/header.php on line 398.
 1 APPPATH/Views/templates/header.php(398): CodeIgniter\Debug\Exceptions->errorHandler()
 2 SYSTEMPATH/View/View.php(226): include('/home/bennedistus/Documents/KULIAH/PEMROGRAMAN_WEB_2/webkuliah/app/Views/templates/header.php')
 3 SYSTEMPATH/View/View.php(229): CodeIgniter\View\View->CodeIgniter\View\{closure}()
 4 SYSTEMPATH/View/View.php(475): CodeIgniter\View\View->render()
 5 APPPATH/Views/absensi.php(1): CodeIgniter\View\View->include()
 6 SYSTEMPATH/View/View.php(226): include('/home/bennedistus/Documents/KULIAH/PEMROGRAMAN_WEB_2/webkuliah/app/Views/absensi.php')
 7 SYSTEMPATH/View/View.php(229): CodeIgniter\View\View->CodeIgniter\View\{closure}()
 8 SYSTEMPATH/Common.php(1167): CodeIgniter\View\View->render()
 9 APPPATH/Controllers/Home.php(45): view()
10 SYSTEMPATH/CodeIgniter.php(933): App\Controllers\Home->absen()
11 SYSTEMPATH/CodeIgniter.php(507): CodeIgniter\CodeIgniter->runController()
12 SYSTEMPATH/CodeIgniter.php(354): CodeIgniter\CodeIgniter->handleRequest()
13 SYSTEMPATH/Boot.php(363): CodeIgniter\CodeIgniter->run()
14 SYSTEMPATH/Boot.php(68): CodeIgniter\Boot::runCodeIgniter()
15 FCPATH/index.php(59): CodeIgniter\Boot::bootWeb()
16 SYSTEMPATH/rewrite.php(44): require_once('/home/bennedistus/Documents/KULIAH/PEMROGRAMAN_WEB_2/webkuliah/public/index.php')
CRITICAL - 2025-11-18 01:15:46 --> ErrorException: Undefined variable $user
[Method: GET, Route: absen]
in APPPATH/Views/templates/header.php on line 398.
 1 APPPATH/Views/templates/header.php(398): CodeIgniter\Debug\Exceptions->errorHandler()
 2 SYSTEMPATH/View/View.php(226): include('/home/bennedistus/Documents/KULIAH/PEMROGRAMAN_WEB_2/webkuliah/app/Views/templates/header.php')
 3 SYSTEMPATH/View/View.php(229): CodeIgniter\View\View->CodeIgniter\View\{closure}()
 4 SYSTEMPATH/View/View.php(475): CodeIgniter\View\View->render()
 5 APPPATH/Views/absensi.php(1): CodeIgniter\View\View->include()
 6 SYSTEMPATH/View/View.php(226): include('/home/bennedistus/Documents/KULIAH/PEMROGRAMAN_WEB_2/webkuliah/app/Views/absensi.php')
 7 SYSTEMPATH/View/View.php(229): CodeIgniter\View\View->CodeIgniter\View\{closure}()
 8 SYSTEMPATH/Common.php(1167): CodeIgniter\View\View->render()
 9 APPPATH/Controllers/Home.php(45): view()
10 SYSTEMPATH/CodeIgniter.php(933): App\Controllers\Home->absen()
11 SYSTEMPATH/CodeIgniter.php(507): CodeIgniter\CodeIgniter->runController()
12 SYSTEMPATH/CodeIgniter.php(354): CodeIgniter\CodeIgniter->handleRequest()
13 SYSTEMPATH/Boot.php(363): CodeIgniter\CodeIgniter->run()
14 SYSTEMPATH/Boot.php(68): CodeIgniter\Boot::runCodeIgniter()
15 FCPATH/index.php(59): CodeIgniter\Boot::bootWeb()
16 SYSTEMPATH/rewrite.php(44): require_once('/home/bennedistus/Documents/KULIAH/PEMROGRAMAN_WEB_2/webkuliah/public/index.php')
CRITICAL - 2025-11-18 01:15:46 --> ErrorException: Undefined variable $user
[Method: GET, Route: absen]
in APPPATH/Views/templates/header.php on line 398.
 1 APPPATH/Views/templates/header.php(398): CodeIgniter\Debug\Exceptions->errorHandler()
 2 SYSTEMPATH/View/View.php(226): include('/home/bennedistus/Documents/KULIAH/PEMROGRAMAN_WEB_2/webkuliah/app/Views/templates/header.php')
 3 SYSTEMPATH/View/View.php(229): CodeIgniter\View\View->CodeIgniter\View\{closure}()
 4 SYSTEMPATH/View/View.php(475): CodeIgniter\View\View->render()
 5 APPPATH/Views/absensi.php(1): CodeIgniter\View\View->include()
 6 SYSTEMPATH/View/View.php(226): include('/home/bennedistus/Documents/KULIAH/PEMROGRAMAN_WEB_2/webkuliah/app/Views/absensi.php')
 7 SYSTEMPATH/View/View.php(229): CodeIgniter\View\View->CodeIgniter\View\{closure}()
 8 SYSTEMPATH/Common.php(1167): CodeIgniter\View\View->render()
 9 APPPATH/Controllers/Home.php(45): view()
10 SYSTEMPATH/CodeIgniter.php(933): App\Controllers\Home->absen()
11 SYSTEMPATH/CodeIgniter.php(507): CodeIgniter\CodeIgniter->runController()
12 SYSTEMPATH/CodeIgniter.php(354): CodeIgniter\CodeIgniter->handleRequest()
13 SYSTEMPATH/Boot.php(363): CodeIgniter\CodeIgniter->run()
14 SYSTEMPATH/Boot.php(68): CodeIgniter\Boot::runCodeIgniter()
15 FCPATH/index.php(59): CodeIgniter\Boot::bootWeb()
16 SYSTEMPATH/rewrite.php(44): require_once('/home/bennedistus/Documents/KULIAH/PEMROGRAMAN_WEB_2/webkuliah/public/index.php')
CRITICAL - 2025-11-18 01:16:41 --> ErrorException: Undefined variable $user
[Method: GET, Route: absen]
in APPPATH/Views/templates/header.php on line 398.
 1 APPPATH/Views/templates/header.php(398): CodeIgniter\Debug\Exceptions->errorHandler()
 2 SYSTEMPATH/View/View.php(226): include('/home/bennedistus/Documents/KULIAH/PEMROGRAMAN_WEB_2/webkuliah/app/Views/templates/header.php')
 3 SYSTEMPATH/View/View.php(229): CodeIgniter\View\View->CodeIgniter\View\{closure}()
 4 SYSTEMPATH/View/View.php(475): CodeIgniter\View\View->render()
 5 APPPATH/Views/absensi.php(1): CodeIgniter\View\View->include()
 6 SYSTEMPATH/View/View.php(226): include('/home/bennedistus/Documents/KULIAH/PEMROGRAMAN_WEB_2/webkuliah/app/Views/absensi.php')
 7 SYSTEMPATH/View/View.php(229): CodeIgniter\View\View->CodeIgniter\View\{closure}()
 8 SYSTEMPATH/Common.php(1167): CodeIgniter\View\View->render()
 9 APPPATH/Controllers/Home.php(43): view()
10 SYSTEMPATH/CodeIgniter.php(933): App\Controllers\Home->absen()
11 SYSTEMPATH/CodeIgniter.php(507): CodeIgniter\CodeIgniter->runController()
12 SYSTEMPATH/CodeIgniter.php(354): CodeIgniter\CodeIgniter->handleRequest()
13 SYSTEMPATH/Boot.php(363): CodeIgniter\CodeIgniter->run()
14 SYSTEMPATH/Boot.php(68): CodeIgniter\Boot::runCodeIgniter()
15 FCPATH/index.php(59): CodeIgniter\Boot::bootWeb()
16 SYSTEMPATH/rewrite.php(44): require_once('/home/bennedistus/Documents/KULIAH/PEMROGRAMAN_WEB_2/webkuliah/public/index.php')
CRITICAL - 2025-11-18 01:16:42 --> ErrorException: Undefined variable $user
[Method: GET, Route: absen]
in APPPATH/Views/templates/header.php on line 398.
 1 APPPATH/Views/templates/header.php(398): CodeIgniter\Debug\Exceptions->errorHandler()
 2 SYSTEMPATH/View/View.php(226): include('/home/bennedistus/Documents/KULIAH/PEMROGRAMAN_WEB_2/webkuliah/app/Views/templates/header.php')
 3 SYSTEMPATH/View/View.php(229): CodeIgniter\View\View->CodeIgniter\View\{closure}()
 4 SYSTEMPATH/View/View.php(475): CodeIgniter\View\View->render()
 5 APPPATH/Views/absensi.php(1): CodeIgniter\View\View->include()
 6 SYSTEMPATH/View/View.php(226): include('/home/bennedistus/Documents/KULIAH/PEMROGRAMAN_WEB_2/webkuliah/app/Views/absensi.php')
 7 SYSTEMPATH/View/View.php(229): CodeIgniter\View\View->CodeIgniter\View\{closure}()
 8 SYSTEMPATH/Common.php(1167): CodeIgniter\View\View->render()
 9 APPPATH/Controllers/Home.php(43): view()
10 SYSTEMPATH/CodeIgniter.php(933): App\Controllers\Home->absen()
11 SYSTEMPATH/CodeIgniter.php(507): CodeIgniter\CodeIgniter->runController()
12 SYSTEMPATH/CodeIgniter.php(354): CodeIgniter\CodeIgniter->handleRequest()
13 SYSTEMPATH/Boot.php(363): CodeIgniter\CodeIgniter->run()
14 SYSTEMPATH/Boot.php(68): CodeIgniter\Boot::runCodeIgniter()
15 FCPATH/index.php(59): CodeIgniter\Boot::bootWeb()
16 SYSTEMPATH/rewrite.php(44): require_once('/home/bennedistus/Documents/KULIAH/PEMROGRAMAN_WEB_2/webkuliah/public/index.php')
CRITICAL - 2025-11-18 01:16:42 --> ErrorException: Undefined variable $user
[Method: GET, Route: absen]
in APPPATH/Views/templates/header.php on line 398.
 1 APPPATH/Views/templates/header.php(398): CodeIgniter\Debug\Exceptions->errorHandler()
 2 SYSTEMPATH/View/View.php(226): include('/home/bennedistus/Documents/KULIAH/PEMROGRAMAN_WEB_2/webkuliah/app/Views/templates/header.php')
 3 SYSTEMPATH/View/View.php(229): CodeIgniter\View\View->CodeIgniter\View\{closure}()
 4 SYSTEMPATH/View/View.php(475): CodeIgniter\View\View->render()
 5 APPPATH/Views/absensi.php(1): CodeIgniter\View\View->include()
 6 SYSTEMPATH/View/View.php(226): include('/home/bennedistus/Documents/KULIAH/PEMROGRAMAN_WEB_2/webkuliah/app/Views/absensi.php')
 7 SYSTEMPATH/View/View.php(229): CodeIgniter\View\View->CodeIgniter\View\{closure}()
 8 SYSTEMPATH/Common.php(1167): CodeIgniter\View\View->render()
 9 APPPATH/Controllers/Home.php(43): view()
10 SYSTEMPATH/CodeIgniter.php(933): App\Controllers\Home->absen()
11 SYSTEMPATH/CodeIgniter.php(507): CodeIgniter\CodeIgniter->runController()
12 SYSTEMPATH/CodeIgniter.php(354): CodeIgniter\CodeIgniter->handleRequest()
13 SYSTEMPATH/Boot.php(363): CodeIgniter\CodeIgniter->run()
14 SYSTEMPATH/Boot.php(68): CodeIgniter\Boot::runCodeIgniter()
15 FCPATH/index.php(59): CodeIgniter\Boot::bootWeb()
16 SYSTEMPATH/rewrite.php(44): require_once('/home/bennedistus/Documents/KULIAH/PEMROGRAMAN_WEB_2/webkuliah/public/index.php')
CRITICAL - 2025-11-18 01:16:42 --> ErrorException: Undefined variable $user
[Method: GET, Route: absen]
in APPPATH/Views/templates/header.php on line 398.
 1 APPPATH/Views/templates/header.php(398): CodeIgniter\Debug\Exceptions->errorHandler()
 2 SYSTEMPATH/View/View.php(226): include('/home/bennedistus/Documents/KULIAH/PEMROGRAMAN_WEB_2/webkuliah/app/Views/templates/header.php')
 3 SYSTEMPATH/View/View.php(229): CodeIgniter\View\View->CodeIgniter\View\{closure}()
 4 SYSTEMPATH/View/View.php(475): CodeIgniter\View\View->render()
 5 APPPATH/Views/absensi.php(1): CodeIgniter\View\View->include()
 6 SYSTEMPATH/View/View.php(226): include('/home/bennedistus/Documents/KULIAH/PEMROGRAMAN_WEB_2/webkuliah/app/Views/absensi.php')
 7 SYSTEMPATH/View/View.php(229): CodeIgniter\View\View->CodeIgniter\View\{closure}()
 8 SYSTEMPATH/Common.php(1167): CodeIgniter\View\View->render()
 9 APPPATH/Controllers/Home.php(43): view()
10 SYSTEMPATH/CodeIgniter.php(933): App\Controllers\Home->absen()
11 SYSTEMPATH/CodeIgniter.php(507): CodeIgniter\CodeIgniter->runController()
12 SYSTEMPATH/CodeIgniter.php(354): CodeIgniter\CodeIgniter->handleRequest()
13 SYSTEMPATH/Boot.php(363): CodeIgniter\CodeIgniter->run()
14 SYSTEMPATH/Boot.php(68): CodeIgniter\Boot::runCodeIgniter()
15 FCPATH/index.php(59): CodeIgniter\Boot::bootWeb()
16 SYSTEMPATH/rewrite.php(44): require_once('/home/bennedistus/Documents/KULIAH/PEMROGRAMAN_WEB_2/webkuliah/public/index.php')
CRITICAL - 2025-11-18 01:18:24 --> ErrorException: Undefined variable $user
[Method: GET, Route: rewards]
in APPPATH/Views/templates/header.php on line 398.
 1 APPPATH/Views/templates/header.php(398): CodeIgniter\Debug\Exceptions->errorHandler()
 2 SYSTEMPATH/View/View.php(226): include('/home/bennedistus/Documents/KULIAH/PEMROGRAMAN_WEB_2/webkuliah/app/Views/templates/header.php')
 3 SYSTEMPATH/View/View.php(229): CodeIgniter\View\View->CodeIgniter\View\{closure}()
 4 SYSTEMPATH/View/View.php(475): CodeIgniter\View\View->render()
 5 APPPATH/Views/rewards.php(1): CodeIgniter\View\View->include()
 6 SYSTEMPATH/View/View.php(226): include('/home/bennedistus/Documents/KULIAH/PEMROGRAMAN_WEB_2/webkuliah/app/Views/rewards.php')
 7 SYSTEMPATH/View/View.php(229): CodeIgniter\View\View->CodeIgniter\View\{closure}()
 8 SYSTEMPATH/Common.php(1167): CodeIgniter\View\View->render()
 9 APPPATH/Controllers/Home.php(34): view()
10 SYSTEMPATH/CodeIgniter.php(933): App\Controllers\Home->rewards()
11 SYSTEMPATH/CodeIgniter.php(507): CodeIgniter\CodeIgniter->runController()
12 SYSTEMPATH/CodeIgniter.php(354): CodeIgniter\CodeIgniter->handleRequest()
13 SYSTEMPATH/Boot.php(363): CodeIgniter\CodeIgniter->run()
14 SYSTEMPATH/Boot.php(68): CodeIgniter\Boot::runCodeIgniter()
15 FCPATH/index.php(59): CodeIgniter\Boot::bootWeb()
16 SYSTEMPATH/rewrite.php(44): require_once('/home/bennedistus/Documents/KULIAH/PEMROGRAMAN_WEB_2/webkuliah/public/index.php')
