CRITICAL - 2025-11-14 18:46:22 --> CodeIgniter\View\Exceptions\ViewException: Invalid file: "_header.php"
[Method: GET, Route: login]
in SYSTEMPATH/Exceptions/FrameworkException.php on line 39.
 1 SYSTEMPATH/View/View.php(214): CodeIgniter\Exceptions\FrameworkException::forInvalidFile()
 2 SYSTEMPATH/View/View.php(475): CodeIgniter\View\View->render()
 3 VENDORPATH/myth/auth/src/Views/login.php(2): CodeIgniter\View\View->include()
 4 SYSTEMPATH/View/View.php(226): include('/home/bennedistus/Documents/KULIAH/PEMROGRAMAN_WEB_2/webkuliah/vendor/myth/auth/src/Views/login.php')
 5 SYSTEMPATH/View/View.php(229): CodeIgniter\View\View->CodeIgniter\View\{closure}()
 6 SYSTEMPATH/Common.php(1167): CodeIgniter\View\View->render()
 7 VENDORPATH/myth/auth/src/Controllers/AuthController.php(412): view()
 8 VENDORPATH/myth/auth/src/Controllers/AuthController.php(58): Myth\Auth\Controllers\AuthController->_render()
 9 SYSTEMPATH/CodeIgniter.php(933): Myth\Auth\Controllers\AuthController->login()
10 SYSTEMPATH/CodeIgniter.php(507): CodeIgniter\CodeIgniter->runController()
11 SYSTEMPATH/CodeIgniter.php(354): CodeIgniter\CodeIgniter->handleRequest()
12 SYSTEMPATH/Boot.php(363): CodeIgniter\CodeIgniter->run()
13 SYSTEMPATH/Boot.php(68): CodeIgniter\Boot::runCodeIgniter()
14 FCPATH/index.php(59): CodeIgniter\Boot::bootWeb()
15 SYSTEMPATH/rewrite.php(44): require_once('/home/bennedistus/Documents/KULIAH/PEMROGRAMAN_WEB_2/webkuliah/public/index.php')
CRITICAL - 2025-11-14 20:25:02 --> ErrorException: Undefined variable $user
[Method: GET, Route: dashboard]
in APPPATH/Views/dashboard.php on line 4.
 1 APPPATH/Views/dashboard.php(4): CodeIgniter\Debug\Exceptions->errorHandler()
 2 SYSTEMPATH/View/View.php(226): include('/home/bennedistus/Documents/KULIAH/PEMROGRAMAN_WEB_2/webkuliah/app/Views/dashboard.php')
 3 SYSTEMPATH/View/View.php(229): CodeIgniter\View\View->CodeIgniter\View\{closure}()
 4 SYSTEMPATH/Common.php(1167): CodeIgniter\View\View->render()
 5 APPPATH/Controllers/Home.php(13): view()
 6 SYSTEMPATH/CodeIgniter.php(933): App\Controllers\Home->dashboard()
 7 SYSTEMPATH/CodeIgniter.php(507): CodeIgniter\CodeIgniter->runController()
 8 SYSTEMPATH/CodeIgniter.php(354): CodeIgniter\CodeIgniter->handleRequest()
 9 SYSTEMPATH/Boot.php(363): CodeIgniter\CodeIgniter->run()
10 SYSTEMPATH/Boot.php(68): CodeIgniter\Boot::runCodeIgniter()
11 FCPATH/index.php(59): CodeIgniter\Boot::bootWeb()
12 SYSTEMPATH/rewrite.php(44): require_once('/home/bennedistus/Documents/KULIAH/PEMROGRAMAN_WEB_2/webkuliah/public/index.php')
CRITICAL - 2025-11-14 20:25:04 --> ErrorException: Undefined variable $user
[Method: GET, Route: dashboard]
in APPPATH/Views/dashboard.php on line 4.
 1 APPPATH/Views/dashboard.php(4): CodeIgniter\Debug\Exceptions->errorHandler()
 2 SYSTEMPATH/View/View.php(226): include('/home/bennedistus/Documents/KULIAH/PEMROGRAMAN_WEB_2/webkuliah/app/Views/dashboard.php')
 3 SYSTEMPATH/View/View.php(229): CodeIgniter\View\View->CodeIgniter\View\{closure}()
 4 SYSTEMPATH/Common.php(1167): CodeIgniter\View\View->render()
 5 APPPATH/Controllers/Home.php(13): view()
 6 SYSTEMPATH/CodeIgniter.php(933): App\Controllers\Home->dashboard()
 7 SYSTEMPATH/CodeIgniter.php(507): CodeIgniter\CodeIgniter->runController()
 8 SYSTEMPATH/CodeIgniter.php(354): CodeIgniter\CodeIgniter->handleRequest()
 9 SYSTEMPATH/Boot.php(363): CodeIgniter\CodeIgniter->run()
10 SYSTEMPATH/Boot.php(68): CodeIgniter\Boot::runCodeIgniter()
11 FCPATH/index.php(59): CodeIgniter\Boot::bootWeb()
12 SYSTEMPATH/rewrite.php(44): require_once('/home/bennedistus/Documents/KULIAH/PEMROGRAMAN_WEB_2/webkuliah/public/index.php')
CRITICAL - 2025-11-14 20:25:08 --> ErrorException: Undefined variable $user
[Method: GET, Route: dashboard]
in APPPATH/Views/dashboard.php on line 4.
 1 APPPATH/Views/dashboard.php(4): CodeIgniter\Debug\Exceptions->errorHandler()
 2 SYSTEMPATH/View/View.php(226): include('/home/bennedistus/Documents/KULIAH/PEMROGRAMAN_WEB_2/webkuliah/app/Views/dashboard.php')
 3 SYSTEMPATH/View/View.php(229): CodeIgniter\View\View->CodeIgniter\View\{closure}()
 4 SYSTEMPATH/Common.php(1167): CodeIgniter\View\View->render()
 5 APPPATH/Controllers/Home.php(13): view()
 6 SYSTEMPATH/CodeIgniter.php(933): App\Controllers\Home->dashboard()
 7 SYSTEMPATH/CodeIgniter.php(507): CodeIgniter\CodeIgniter->runController()
 8 SYSTEMPATH/CodeIgniter.php(354): CodeIgniter\CodeIgniter->handleRequest()
 9 SYSTEMPATH/Boot.php(363): CodeIgniter\CodeIgniter->run()
10 SYSTEMPATH/Boot.php(68): CodeIgniter\Boot::runCodeIgniter()
11 FCPATH/index.php(59): CodeIgniter\Boot::bootWeb()
12 SYSTEMPATH/rewrite.php(44): require_once('/home/bennedistus/Documents/KULIAH/PEMROGRAMAN_WEB_2/webkuliah/public/index.php')
CRITICAL - 2025-11-14 20:26:13 --> Error: Call to undefined method CodeIgniter\View\View::extendD()
[Method: GET, Route: dashboard]
in APPPATH/Views/dashboard.php on line 1.
 1 SYSTEMPATH/View/View.php(226): include()
 2 SYSTEMPATH/View/View.php(229): CodeIgniter\View\View->CodeIgniter\View\{closure}()
 3 SYSTEMPATH/Common.php(1167): CodeIgniter\View\View->render()
 4 APPPATH/Controllers/Home.php(13): view()
 5 SYSTEMPATH/CodeIgniter.php(933): App\Controllers\Home->dashboard()
 6 SYSTEMPATH/CodeIgniter.php(507): CodeIgniter\CodeIgniter->runController()
 7 SYSTEMPATH/CodeIgniter.php(354): CodeIgniter\CodeIgniter->handleRequest()
 8 SYSTEMPATH/Boot.php(363): CodeIgniter\CodeIgniter->run()
 9 SYSTEMPATH/Boot.php(68): CodeIgniter\Boot::runCodeIgniter()
10 FCPATH/index.php(59): CodeIgniter\Boot::bootWeb()
11 SYSTEMPATH/rewrite.php(44): require_once('/home/bennedistus/Documents/KULIAH/PEMROGRAMAN_WEB_2/webkuliah/public/index.php')
CRITICAL - 2025-11-14 20:26:14 --> Error: Call to undefined method CodeIgniter\View\View::extendD()
[Method: GET, Route: dashboard]
in APPPATH/Views/dashboard.php on line 1.
 1 SYSTEMPATH/View/View.php(226): include()
 2 SYSTEMPATH/View/View.php(229): CodeIgniter\View\View->CodeIgniter\View\{closure}()
 3 SYSTEMPATH/Common.php(1167): CodeIgniter\View\View->render()
 4 APPPATH/Controllers/Home.php(13): view()
 5 SYSTEMPATH/CodeIgniter.php(933): App\Controllers\Home->dashboard()
 6 SYSTEMPATH/CodeIgniter.php(507): CodeIgniter\CodeIgniter->runController()
 7 SYSTEMPATH/CodeIgniter.php(354): CodeIgniter\CodeIgniter->handleRequest()
 8 SYSTEMPATH/Boot.php(363): CodeIgniter\CodeIgniter->run()
 9 SYSTEMPATH/Boot.php(68): CodeIgniter\Boot::runCodeIgniter()
10 FCPATH/index.php(59): CodeIgniter\Boot::bootWeb()
11 SYSTEMPATH/rewrite.php(44): require_once('/home/bennedistus/Documents/KULIAH/PEMROGRAMAN_WEB_2/webkuliah/public/index.php')
CRITICAL - 2025-11-14 20:26:14 --> Error: Call to undefined method CodeIgniter\View\View::extendD()
[Method: GET, Route: dashboard]
in APPPATH/Views/dashboard.php on line 1.
 1 SYSTEMPATH/View/View.php(226): include()
 2 SYSTEMPATH/View/View.php(229): CodeIgniter\View\View->CodeIgniter\View\{closure}()
 3 SYSTEMPATH/Common.php(1167): CodeIgniter\View\View->render()
 4 APPPATH/Controllers/Home.php(13): view()
 5 SYSTEMPATH/CodeIgniter.php(933): App\Controllers\Home->dashboard()
 6 SYSTEMPATH/CodeIgniter.php(507): CodeIgniter\CodeIgniter->runController()
 7 SYSTEMPATH/CodeIgniter.php(354): CodeIgniter\CodeIgniter->handleRequest()
 8 SYSTEMPATH/Boot.php(363): CodeIgniter\CodeIgniter->run()
 9 SYSTEMPATH/Boot.php(68): CodeIgniter\Boot::runCodeIgniter()
10 FCPATH/index.php(59): CodeIgniter\Boot::bootWeb()
11 SYSTEMPATH/rewrite.php(44): require_once('/home/bennedistus/Documents/KULIAH/PEMROGRAMAN_WEB_2/webkuliah/public/index.php')
CRITICAL - 2025-11-14 20:26:14 --> Error: Call to undefined method CodeIgniter\View\View::extendD()
[Method: GET, Route: dashboard]
in APPPATH/Views/dashboard.php on line 1.
 1 SYSTEMPATH/View/View.php(226): include()
 2 SYSTEMPATH/View/View.php(229): CodeIgniter\View\View->CodeIgniter\View\{closure}()
 3 SYSTEMPATH/Common.php(1167): CodeIgniter\View\View->render()
 4 APPPATH/Controllers/Home.php(13): view()
 5 SYSTEMPATH/CodeIgniter.php(933): App\Controllers\Home->dashboard()
 6 SYSTEMPATH/CodeIgniter.php(507): CodeIgniter\CodeIgniter->runController()
 7 SYSTEMPATH/CodeIgniter.php(354): CodeIgniter\CodeIgniter->handleRequest()
 8 SYSTEMPATH/Boot.php(363): CodeIgniter\CodeIgniter->run()
 9 SYSTEMPATH/Boot.php(68): CodeIgniter\Boot::runCodeIgniter()
10 FCPATH/index.php(59): CodeIgniter\Boot::bootWeb()
11 SYSTEMPATH/rewrite.php(44): require_once('/home/bennedistus/Documents/KULIAH/PEMROGRAMAN_WEB_2/webkuliah/public/index.php')
CRITICAL - 2025-11-14 20:26:57 --> Error: Call to undefined method CodeIgniter\View\View::extendD()
[Method: GET, Route: dashboard]
in APPPATH/Views/dashboard.php on line 1.
 1 SYSTEMPATH/View/View.php(226): include()
 2 SYSTEMPATH/View/View.php(229): CodeIgniter\View\View->CodeIgniter\View\{closure}()
 3 SYSTEMPATH/Common.php(1167): CodeIgniter\View\View->render()
 4 APPPATH/Controllers/Home.php(13): view()
 5 SYSTEMPATH/CodeIgniter.php(933): App\Controllers\Home->dashboard()
 6 SYSTEMPATH/CodeIgniter.php(507): CodeIgniter\CodeIgniter->runController()
 7 SYSTEMPATH/CodeIgniter.php(354): CodeIgniter\CodeIgniter->handleRequest()
 8 SYSTEMPATH/Boot.php(363): CodeIgniter\CodeIgniter->run()
 9 SYSTEMPATH/Boot.php(68): CodeIgniter\Boot::runCodeIgniter()
10 FCPATH/index.php(59): CodeIgniter\Boot::bootWeb()
11 SYSTEMPATH/rewrite.php(44): require_once('/home/bennedistus/Documents/KULIAH/PEMROGRAMAN_WEB_2/webkuliah/public/index.php')
CRITICAL - 2025-11-14 20:26:57 --> Error: Call to undefined method CodeIgniter\View\View::extendD()
[Method: GET, Route: dashboard]
in APPPATH/Views/dashboard.php on line 1.
 1 SYSTEMPATH/View/View.php(226): include()
 2 SYSTEMPATH/View/View.php(229): CodeIgniter\View\View->CodeIgniter\View\{closure}()
 3 SYSTEMPATH/Common.php(1167): CodeIgniter\View\View->render()
 4 APPPATH/Controllers/Home.php(13): view()
 5 SYSTEMPATH/CodeIgniter.php(933): App\Controllers\Home->dashboard()
 6 SYSTEMPATH/CodeIgniter.php(507): CodeIgniter\CodeIgniter->runController()
 7 SYSTEMPATH/CodeIgniter.php(354): CodeIgniter\CodeIgniter->handleRequest()
 8 SYSTEMPATH/Boot.php(363): CodeIgniter\CodeIgniter->run()
 9 SYSTEMPATH/Boot.php(68): CodeIgniter\Boot::runCodeIgniter()
10 FCPATH/index.php(59): CodeIgniter\Boot::bootWeb()
11 SYSTEMPATH/rewrite.php(44): require_once('/home/bennedistus/Documents/KULIAH/PEMROGRAMAN_WEB_2/webkuliah/public/index.php')
CRITICAL - 2025-11-14 20:26:58 --> Error: Call to undefined method CodeIgniter\View\View::extendD()
[Method: GET, Route: dashboard]
in APPPATH/Views/dashboard.php on line 1.
 1 SYSTEMPATH/View/View.php(226): include()
 2 SYSTEMPATH/View/View.php(229): CodeIgniter\View\View->CodeIgniter\View\{closure}()
 3 SYSTEMPATH/Common.php(1167): CodeIgniter\View\View->render()
 4 APPPATH/Controllers/Home.php(13): view()
 5 SYSTEMPATH/CodeIgniter.php(933): App\Controllers\Home->dashboard()
 6 SYSTEMPATH/CodeIgniter.php(507): CodeIgniter\CodeIgniter->runController()
 7 SYSTEMPATH/CodeIgniter.php(354): CodeIgniter\CodeIgniter->handleRequest()
 8 SYSTEMPATH/Boot.php(363): CodeIgniter\CodeIgniter->run()
 9 SYSTEMPATH/Boot.php(68): CodeIgniter\Boot::runCodeIgniter()
10 FCPATH/index.php(59): CodeIgniter\Boot::bootWeb()
11 SYSTEMPATH/rewrite.php(44): require_once('/home/bennedistus/Documents/KULIAH/PEMROGRAMAN_WEB_2/webkuliah/public/index.php')
CRITICAL - 2025-11-14 20:27:19 --> Error: Call to undefined method CodeIgniter\View\View::extendD()
[Method: GET, Route: dashboard]
in APPPATH/Views/dashboard.php on line 1.
 1 SYSTEMPATH/View/View.php(226): include()
 2 SYSTEMPATH/View/View.php(229): CodeIgniter\View\View->CodeIgniter\View\{closure}()
 3 SYSTEMPATH/Common.php(1167): CodeIgniter\View\View->render()
 4 APPPATH/Controllers/Home.php(13): view()
 5 SYSTEMPATH/CodeIgniter.php(933): App\Controllers\Home->dashboard()
 6 SYSTEMPATH/CodeIgniter.php(507): CodeIgniter\CodeIgniter->runController()
 7 SYSTEMPATH/CodeIgniter.php(354): CodeIgniter\CodeIgniter->handleRequest()
 8 SYSTEMPATH/Boot.php(363): CodeIgniter\CodeIgniter->run()
 9 SYSTEMPATH/Boot.php(68): CodeIgniter\Boot::runCodeIgniter()
10 FCPATH/index.php(59): CodeIgniter\Boot::bootWeb()
11 SYSTEMPATH/rewrite.php(44): require_once('/home/bennedistus/Documents/KULIAH/PEMROGRAMAN_WEB_2/webkuliah/public/index.php')
CRITICAL - 2025-11-14 20:27:20 --> Error: Call to undefined method CodeIgniter\View\View::extendD()
[Method: GET, Route: dashboard]
in APPPATH/Views/dashboard.php on line 1.
 1 SYSTEMPATH/View/View.php(226): include()
 2 SYSTEMPATH/View/View.php(229): CodeIgniter\View\View->CodeIgniter\View\{closure}()
 3 SYSTEMPATH/Common.php(1167): CodeIgniter\View\View->render()
 4 APPPATH/Controllers/Home.php(13): view()
 5 SYSTEMPATH/CodeIgniter.php(933): App\Controllers\Home->dashboard()
 6 SYSTEMPATH/CodeIgniter.php(507): CodeIgniter\CodeIgniter->runController()
 7 SYSTEMPATH/CodeIgniter.php(354): CodeIgniter\CodeIgniter->handleRequest()
 8 SYSTEMPATH/Boot.php(363): CodeIgniter\CodeIgniter->run()
 9 SYSTEMPATH/Boot.php(68): CodeIgniter\Boot::runCodeIgniter()
10 FCPATH/index.php(59): CodeIgniter\Boot::bootWeb()
11 SYSTEMPATH/rewrite.php(44): require_once('/home/bennedistus/Documents/KULIAH/PEMROGRAMAN_WEB_2/webkuliah/public/index.php')
CRITICAL - 2025-11-14 20:27:20 --> Error: Call to undefined method CodeIgniter\View\View::extendD()
[Method: GET, Route: dashboard]
in APPPATH/Views/dashboard.php on line 1.
 1 SYSTEMPATH/View/View.php(226): include()
 2 SYSTEMPATH/View/View.php(229): CodeIgniter\View\View->CodeIgniter\View\{closure}()
 3 SYSTEMPATH/Common.php(1167): CodeIgniter\View\View->render()
 4 APPPATH/Controllers/Home.php(13): view()
 5 SYSTEMPATH/CodeIgniter.php(933): App\Controllers\Home->dashboard()
 6 SYSTEMPATH/CodeIgniter.php(507): CodeIgniter\CodeIgniter->runController()
 7 SYSTEMPATH/CodeIgniter.php(354): CodeIgniter\CodeIgniter->handleRequest()
 8 SYSTEMPATH/Boot.php(363): CodeIgniter\CodeIgniter->run()
 9 SYSTEMPATH/Boot.php(68): CodeIgniter\Boot::runCodeIgniter()
10 FCPATH/index.php(59): CodeIgniter\Boot::bootWeb()
11 SYSTEMPATH/rewrite.php(44): require_once('/home/bennedistus/Documents/KULIAH/PEMROGRAMAN_WEB_2/webkuliah/public/index.php')
CRITICAL - 2025-11-14 20:27:28 --> Error: Call to undefined method CodeIgniter\View\View::content()
[Method: GET, Route: dashboard]
in APPPATH/Views/dashboard.php on line 2.
 1 SYSTEMPATH/View/View.php(226): include()
 2 SYSTEMPATH/View/View.php(229): CodeIgniter\View\View->CodeIgniter\View\{closure}()
 3 SYSTEMPATH/Common.php(1167): CodeIgniter\View\View->render()
 4 APPPATH/Controllers/Home.php(13): view()
 5 SYSTEMPATH/CodeIgniter.php(933): App\Controllers\Home->dashboard()
 6 SYSTEMPATH/CodeIgniter.php(507): CodeIgniter\CodeIgniter->runController()
 7 SYSTEMPATH/CodeIgniter.php(354): CodeIgniter\CodeIgniter->handleRequest()
 8 SYSTEMPATH/Boot.php(363): CodeIgniter\CodeIgniter->run()
 9 SYSTEMPATH/Boot.php(68): CodeIgniter\Boot::runCodeIgniter()
10 FCPATH/index.php(59): CodeIgniter\Boot::bootWeb()
11 SYSTEMPATH/rewrite.php(44): require_once('/home/bennedistus/Documents/KULIAH/PEMROGRAMAN_WEB_2/webkuliah/public/index.php')
CRITICAL - 2025-11-14 20:28:13 --> CodeIgniter\View\Exceptions\ViewException: Invalid file: "layouts/header.php"
[Method: GET, Route: dashboard]
in SYSTEMPATH/Exceptions/FrameworkException.php on line 39.
 1 SYSTEMPATH/View/View.php(214): CodeIgniter\Exceptions\FrameworkException::forInvalidFile()
 2 SYSTEMPATH/View/View.php(475): CodeIgniter\View\View->render()
 3 APPPATH/Views/dashboard.php(1): CodeIgniter\View\View->include()
 4 SYSTEMPATH/View/View.php(226): include('/home/bennedistus/Documents/KULIAH/PEMROGRAMAN_WEB_2/webkuliah/app/Views/dashboard.php')
 5 SYSTEMPATH/View/View.php(229): CodeIgniter\View\View->CodeIgniter\View\{closure}()
 6 SYSTEMPATH/Common.php(1167): CodeIgniter\View\View->render()
 7 APPPATH/Controllers/Home.php(13): view()
 8 SYSTEMPATH/CodeIgniter.php(933): App\Controllers\Home->dashboard()
 9 SYSTEMPATH/CodeIgniter.php(507): CodeIgniter\CodeIgniter->runController()
10 SYSTEMPATH/CodeIgniter.php(354): CodeIgniter\CodeIgniter->handleRequest()
11 SYSTEMPATH/Boot.php(363): CodeIgniter\CodeIgniter->run()
12 SYSTEMPATH/Boot.php(68): CodeIgniter\Boot::runCodeIgniter()
13 FCPATH/index.php(59): CodeIgniter\Boot::bootWeb()
14 SYSTEMPATH/rewrite.php(44): require_once('/home/bennedistus/Documents/KULIAH/PEMROGRAMAN_WEB_2/webkuliah/public/index.php')
